C:\PDF2BMP\SRC\LIB\PDFENGINE.LIB
C:\PDF2BMP\SRC\PDFENGINE\DEBUG\ADLER32.OBJ
C:\PDF2BMP\SRC\PDFENGINE\DEBUG\BIO.OBJ
C:\PDF2BMP\SRC\PDFENGINE\DEBUG\CFF.OBJ
C:\PDF2BMP\SRC\PDFENGINE\DEBUG\CIDX_MANAGER.OBJ
C:\PDF2BMP\SRC\PDFENGINE\DEBUG\CIO.OBJ
C:\PDF2Bmp\Src\pdfengine\Debug\cl.command.1.tlog
C:\PDF2Bmp\Src\pdfengine\Debug\CL.read.1.tlog
C:\PDF2Bmp\Src\pdfengine\Debug\CL.write.1.tlog
C:\PDF2BMP\SRC\PDFENGINE\DEBUG\COMPRESS.OBJ
C:\PDF2BMP\SRC\PDFENGINE\DEBUG\CRC32.OBJ
C:\PDF2BMP\SRC\PDFENGINE\DEBUG\DEFLATE.OBJ
C:\PDF2BMP\SRC\PDFENGINE\DEBUG\DGIF_LIB.OBJ
C:\PDF2BMP\SRC\PDFENGINE\DEBUG\DWT.OBJ
C:\PDF2BMP\SRC\PDFENGINE\DEBUG\EGIF_LIB.OBJ
C:\PDF2BMP\SRC\PDFENGINE\DEBUG\EVENT.OBJ
C:\PDF2BMP\SRC\PDFENGINE\DEBUG\FTBASE.OBJ
C:\PDF2BMP\SRC\PDFENGINE\DEBUG\FTBBOX.OBJ
C:\PDF2BMP\SRC\PDFENGINE\DEBUG\FTBITMAP.OBJ
C:\PDF2BMP\SRC\PDFENGINE\DEBUG\FTGASP.OBJ
C:\PDF2BMP\SRC\PDFENGINE\DEBUG\FTGLYPH.OBJ
C:\PDF2BMP\SRC\PDFENGINE\DEBUG\FTINIT.OBJ
C:\PDF2BMP\SRC\PDFENGINE\DEBUG\FTSTROKE.OBJ
C:\PDF2BMP\SRC\PDFENGINE\DEBUG\FTSYNTH.OBJ
C:\PDF2BMP\SRC\PDFENGINE\DEBUG\FTSYSTEM.OBJ
C:\PDF2BMP\SRC\PDFENGINE\DEBUG\FTTYPE1.OBJ
C:\PDF2BMP\SRC\PDFENGINE\DEBUG\FTXF86.OBJ
C:\PDF2BMP\SRC\PDFENGINE\DEBUG\GIF_ERR.OBJ
C:\PDF2BMP\SRC\PDFENGINE\DEBUG\GIF_HASH.OBJ
C:\PDF2BMP\SRC\PDFENGINE\DEBUG\GIFALLOC.OBJ
C:\PDF2BMP\SRC\PDFENGINE\DEBUG\IMAGE.OBJ
C:\PDF2BMP\SRC\PDFENGINE\DEBUG\INFFAST.OBJ
C:\PDF2BMP\SRC\PDFENGINE\DEBUG\INFLATE.OBJ
C:\PDF2BMP\SRC\PDFENGINE\DEBUG\INFTREES.OBJ
C:\PDF2BMP\SRC\PDFENGINE\DEBUG\J2K.OBJ
C:\PDF2BMP\SRC\PDFENGINE\DEBUG\J2K_LIB.OBJ
C:\PDF2BMP\SRC\PDFENGINE\DEBUG\JARICOM.OBJ
C:\PDF2BMP\SRC\PDFENGINE\DEBUG\JBIG2.OBJ
C:\PDF2BMP\SRC\PDFENGINE\DEBUG\JBIG2_ARITH.OBJ
C:\PDF2BMP\SRC\PDFENGINE\DEBUG\JBIG2_ARITH_IAID.OBJ
C:\PDF2BMP\SRC\PDFENGINE\DEBUG\JBIG2_ARITH_INT.OBJ
C:\PDF2BMP\SRC\PDFENGINE\DEBUG\JBIG2_GENERIC.OBJ
C:\PDF2BMP\SRC\PDFENGINE\DEBUG\JBIG2_HALFTONE.OBJ
C:\PDF2BMP\SRC\PDFENGINE\DEBUG\JBIG2_HUFFMAN.OBJ
C:\PDF2BMP\SRC\PDFENGINE\DEBUG\JBIG2_IMAGE.OBJ
C:\PDF2BMP\SRC\PDFENGINE\DEBUG\JBIG2_METADATA.OBJ
C:\PDF2BMP\SRC\PDFENGINE\DEBUG\JBIG2_MMR.OBJ
C:\PDF2BMP\SRC\PDFENGINE\DEBUG\JBIG2_PAGE.OBJ
C:\PDF2BMP\SRC\PDFENGINE\DEBUG\JBIG2_REFINEMENT.OBJ
C:\PDF2BMP\SRC\PDFENGINE\DEBUG\JBIG2_SEGMENT.OBJ
C:\PDF2BMP\SRC\PDFENGINE\DEBUG\JBIG2_SYMBOL_DICT.OBJ
C:\PDF2BMP\SRC\PDFENGINE\DEBUG\JBIG2_TEXT.OBJ
C:\PDF2BMP\SRC\PDFENGINE\DEBUG\JCAPIMIN.OBJ
C:\PDF2BMP\SRC\PDFENGINE\DEBUG\JCAPISTD.OBJ
C:\PDF2BMP\SRC\PDFENGINE\DEBUG\JCARITH.OBJ
C:\PDF2BMP\SRC\PDFENGINE\DEBUG\JCCOEFCT.OBJ
C:\PDF2BMP\SRC\PDFENGINE\DEBUG\JCCOLOR.OBJ
C:\PDF2BMP\SRC\PDFENGINE\DEBUG\JCDCTMGR.OBJ
C:\PDF2BMP\SRC\PDFENGINE\DEBUG\JCHUFF.OBJ
C:\PDF2BMP\SRC\PDFENGINE\DEBUG\JCINIT.OBJ
C:\PDF2BMP\SRC\PDFENGINE\DEBUG\JCMAINCT.OBJ
C:\PDF2BMP\SRC\PDFENGINE\DEBUG\JCMARKER.OBJ
C:\PDF2BMP\SRC\PDFENGINE\DEBUG\JCMASTER.OBJ
C:\PDF2BMP\SRC\PDFENGINE\DEBUG\JCOMAPI.OBJ
C:\PDF2BMP\SRC\PDFENGINE\DEBUG\JCPARAM.OBJ
C:\PDF2BMP\SRC\PDFENGINE\DEBUG\JCPREPCT.OBJ
C:\PDF2BMP\SRC\PDFENGINE\DEBUG\JCSAMPLE.OBJ
C:\PDF2BMP\SRC\PDFENGINE\DEBUG\JCTRANS.OBJ
C:\PDF2BMP\SRC\PDFENGINE\DEBUG\JDAPIMIN.OBJ
C:\PDF2BMP\SRC\PDFENGINE\DEBUG\JDAPISTD.OBJ
C:\PDF2BMP\SRC\PDFENGINE\DEBUG\JDARITH.OBJ
C:\PDF2BMP\SRC\PDFENGINE\DEBUG\JDATADST.OBJ
C:\PDF2BMP\SRC\PDFENGINE\DEBUG\JDATASRC.OBJ
C:\PDF2BMP\SRC\PDFENGINE\DEBUG\JDCOEFCT.OBJ
C:\PDF2BMP\SRC\PDFENGINE\DEBUG\JDCOLOR.OBJ
C:\PDF2BMP\SRC\PDFENGINE\DEBUG\JDDCTMGR.OBJ
C:\PDF2BMP\SRC\PDFENGINE\DEBUG\JDHUFF.OBJ
C:\PDF2BMP\SRC\PDFENGINE\DEBUG\JDINPUT.OBJ
C:\PDF2BMP\SRC\PDFENGINE\DEBUG\JDMAINCT.OBJ
C:\PDF2BMP\SRC\PDFENGINE\DEBUG\JDMARKER.OBJ
C:\PDF2BMP\SRC\PDFENGINE\DEBUG\JDMASTER.OBJ
C:\PDF2BMP\SRC\PDFENGINE\DEBUG\JDMERGE.OBJ
C:\PDF2BMP\SRC\PDFENGINE\DEBUG\JDPOSTCT.OBJ
C:\PDF2BMP\SRC\PDFENGINE\DEBUG\JDSAMPLE.OBJ
C:\PDF2BMP\SRC\PDFENGINE\DEBUG\JDTRANS.OBJ
C:\PDF2BMP\SRC\PDFENGINE\DEBUG\JERROR.OBJ
C:\PDF2BMP\SRC\PDFENGINE\DEBUG\JFDCTFLT.OBJ
C:\PDF2BMP\SRC\PDFENGINE\DEBUG\JFDCTFST.OBJ
C:\PDF2BMP\SRC\PDFENGINE\DEBUG\JFDCTINT.OBJ
C:\PDF2BMP\SRC\PDFENGINE\DEBUG\JIDCTFLT.OBJ
C:\PDF2BMP\SRC\PDFENGINE\DEBUG\JIDCTFST.OBJ
C:\PDF2BMP\SRC\PDFENGINE\DEBUG\JIDCTINT.OBJ
C:\PDF2BMP\SRC\PDFENGINE\DEBUG\JMEMMGR.OBJ
C:\PDF2BMP\SRC\PDFENGINE\DEBUG\JMEMNOBS.OBJ
C:\PDF2BMP\SRC\PDFENGINE\DEBUG\JP2.OBJ
C:\PDF2BMP\SRC\PDFENGINE\DEBUG\JPT.OBJ
C:\PDF2BMP\SRC\PDFENGINE\DEBUG\JQUANT1.OBJ
C:\PDF2BMP\SRC\PDFENGINE\DEBUG\JQUANT2.OBJ
C:\PDF2BMP\SRC\PDFENGINE\DEBUG\JUTILS.OBJ
C:\PDF2Bmp\Src\pdfengine\Debug\lib.command.1.tlog
C:\PDF2Bmp\Src\pdfengine\Debug\Lib-link.read.1.tlog
C:\PDF2Bmp\Src\pdfengine\Debug\Lib-link.write.1.tlog
C:\PDF2BMP\SRC\PDFENGINE\DEBUG\MCT.OBJ
C:\PDF2BMP\SRC\PDFENGINE\DEBUG\MQC.OBJ
C:\PDF2BMP\SRC\PDFENGINE\DEBUG\OPENJPEG.OBJ
C:\PDF2BMP\SRC\PDFENGINE\DEBUG\PDF_ANNOT.OBJ
C:\PDF2BMP\SRC\PDFENGINE\DEBUG\PDF_BASE_CONTEXT.OBJ
C:\PDF2BMP\SRC\PDFENGINE\DEBUG\PDF_BASE_ERROR.OBJ
C:\PDF2BMP\SRC\PDFENGINE\DEBUG\PDF_BASE_GEOMETRY.OBJ
C:\PDF2BMP\SRC\PDFENGINE\DEBUG\PDF_BASE_GETOPT.OBJ
C:\PDF2BMP\SRC\PDFENGINE\DEBUG\PDF_BASE_HASH.OBJ
C:\PDF2BMP\SRC\PDFENGINE\DEBUG\PDF_BASE_MEMORY.OBJ
C:\PDF2BMP\SRC\PDFENGINE\DEBUG\PDF_BASE_OBJECT.OBJ
C:\PDF2BMP\SRC\PDFENGINE\DEBUG\PDF_BASE_STRING.OBJ
C:\PDF2BMP\SRC\PDFENGINE\DEBUG\PDF_BASE_TIME.OBJ
C:\PDF2BMP\SRC\PDFENGINE\DEBUG\PDF_CMAP.OBJ
C:\PDF2BMP\SRC\PDFENGINE\DEBUG\PDF_CMAP_LOAD.OBJ
C:\PDF2BMP\SRC\PDFENGINE\DEBUG\PDF_CMAP_PARSE.OBJ
C:\PDF2BMP\SRC\PDFENGINE\DEBUG\PDF_CMAP_TABLE.OBJ
C:\PDF2BMP\SRC\PDFENGINE\DEBUG\PDF_COLORSPACE.OBJ
C:\PDF2BMP\SRC\PDFENGINE\DEBUG\PDF_CRYPT.OBJ
C:\PDF2BMP\SRC\PDFENGINE\DEBUG\PDF_CRYPT_AES.OBJ
C:\PDF2BMP\SRC\PDFENGINE\DEBUG\PDF_CRYPT_ARC4.OBJ
C:\PDF2BMP\SRC\PDFENGINE\DEBUG\PDF_CRYPT_MD5.OBJ
C:\PDF2BMP\SRC\PDFENGINE\DEBUG\PDF_CRYPT_SHA2.OBJ
C:\PDF2BMP\SRC\PDFENGINE\DEBUG\PDF_DEV_BBOX.OBJ
C:\PDF2BMP\SRC\PDFENGINE\DEBUG\PDF_DEV_HTML.OBJ
C:\PDF2BMP\SRC\PDFENGINE\DEBUG\PDF_DEV_LIST.OBJ
C:\PDF2BMP\SRC\PDFENGINE\DEBUG\PDF_DEV_NULL.OBJ
C:\PDF2BMP\SRC\PDFENGINE\DEBUG\PDF_DEV_RECTLIST.OBJ
C:\PDF2BMP\SRC\PDFENGINE\DEBUG\PDF_DEV_TEXT.OBJ
C:\PDF2BMP\SRC\PDFENGINE\DEBUG\PDF_DOC_DOCUMENT.OBJ
C:\PDF2BMP\SRC\PDFENGINE\DEBUG\PDF_DOC_LINK.OBJ
C:\PDF2BMP\SRC\PDFENGINE\DEBUG\PDF_DOC_OUTLINE.OBJ
C:\PDF2BMP\SRC\PDFENGINE\DEBUG\PDF_DRAW_AFFINE.OBJ
C:\PDF2BMP\SRC\PDFENGINE\DEBUG\PDF_DRAW_BLEND.OBJ
C:\PDF2BMP\SRC\PDFENGINE\DEBUG\PDF_DRAW_DEVICE.OBJ
C:\PDF2BMP\SRC\PDFENGINE\DEBUG\PDF_DRAW_EDGE.OBJ
C:\PDF2BMP\SRC\PDFENGINE\DEBUG\PDF_DRAW_GLYPH.OBJ
C:\PDF2BMP\SRC\PDFENGINE\DEBUG\PDF_DRAW_MESH.OBJ
C:\PDF2BMP\SRC\PDFENGINE\DEBUG\PDF_DRAW_PAINT.OBJ
C:\PDF2BMP\SRC\PDFENGINE\DEBUG\PDF_DRAW_PATH.OBJ
C:\PDF2BMP\SRC\PDFENGINE\DEBUG\PDF_DRAW_SIMPLE_SCALE.OBJ
C:\PDF2BMP\SRC\PDFENGINE\DEBUG\PDF_DRAW_UNPACK.OBJ
C:\PDF2BMP\SRC\PDFENGINE\DEBUG\PDF_ENCODING.OBJ
C:\PDF2BMP\SRC\PDFENGINE\DEBUG\PDF_FILT_BASIC.OBJ
C:\PDF2BMP\SRC\PDFENGINE\DEBUG\PDF_FILT_DCTD.OBJ
C:\PDF2BMP\SRC\PDFENGINE\DEBUG\PDF_FILT_FAXD.OBJ
C:\PDF2BMP\SRC\PDFENGINE\DEBUG\PDF_FILT_FLATE.OBJ
C:\PDF2BMP\SRC\PDFENGINE\DEBUG\PDF_FILT_JBIG2D.OBJ
C:\PDF2BMP\SRC\PDFENGINE\DEBUG\PDF_FILT_LZWD.OBJ
C:\PDF2BMP\SRC\PDFENGINE\DEBUG\PDF_FILT_PREDICT.OBJ
C:\PDF2BMP\SRC\PDFENGINE\DEBUG\PDF_FONT.OBJ
C:\PDF2BMP\SRC\PDFENGINE\DEBUG\PDF_FONTFILE.OBJ
C:\PDF2BMP\SRC\PDFENGINE\DEBUG\PDF_FUNCTION.OBJ
C:\PDF2BMP\SRC\PDFENGINE\DEBUG\PDF_IMAGE.OBJ
C:\PDF2BMP\SRC\PDFENGINE\DEBUG\PDF_IMAGE_BMP.OBJ
C:\PDF2BMP\SRC\PDFENGINE\DEBUG\PDF_IMAGE_GIF.OBJ
C:\PDF2BMP\SRC\PDFENGINE\DEBUG\PDF_IMAGE_JPEG.OBJ
C:\PDF2BMP\SRC\PDFENGINE\DEBUG\PDF_IMAGE_JPX.OBJ
C:\PDF2BMP\SRC\PDFENGINE\DEBUG\PDF_IMAGE_MD5.OBJ
C:\PDF2BMP\SRC\PDFENGINE\DEBUG\PDF_IMAGE_PNG.OBJ
C:\PDF2BMP\SRC\PDFENGINE\DEBUG\PDF_IMAGE_SAVE.OBJ
C:\PDF2BMP\SRC\PDFENGINE\DEBUG\PDF_IMAGE_TIFF.OBJ
C:\PDF2BMP\SRC\PDFENGINE\DEBUG\PDF_INTERPRET.OBJ
C:\PDF2BMP\SRC\PDFENGINE\DEBUG\PDF_LEX.OBJ
C:\PDF2BMP\SRC\PDFENGINE\DEBUG\PDF_METRICS.OBJ
C:\PDF2BMP\SRC\PDFENGINE\DEBUG\PDF_NAMETREE.OBJ
C:\PDF2BMP\SRC\PDFENGINE\DEBUG\PDF_OUTLINE.OBJ
C:\PDF2BMP\SRC\PDFENGINE\DEBUG\PDF_PAGE.OBJ
C:\PDF2BMP\SRC\PDFENGINE\DEBUG\PDF_PARSE.OBJ
C:\PDF2BMP\SRC\PDFENGINE\DEBUG\PDF_PATTERN.OBJ
C:\PDF2BMP\SRC\PDFENGINE\DEBUG\PDF_REPAIR.OBJ
C:\PDF2BMP\SRC\PDFENGINE\DEBUG\PDF_RES_BITMAP.OBJ
C:\PDF2BMP\SRC\PDFENGINE\DEBUG\PDF_RES_COLORSPACE.OBJ
C:\PDF2BMP\SRC\PDFENGINE\DEBUG\PDF_RES_FONT.OBJ
C:\PDF2BMP\SRC\PDFENGINE\DEBUG\PDF_RES_HALFTONE.OBJ
C:\PDF2BMP\SRC\PDFENGINE\DEBUG\PDF_RES_PATH.OBJ
C:\PDF2BMP\SRC\PDFENGINE\DEBUG\PDF_RES_PIXMAP.OBJ
C:\PDF2BMP\SRC\PDFENGINE\DEBUG\PDF_RES_SHADE.OBJ
C:\PDF2BMP\SRC\PDFENGINE\DEBUG\PDF_RES_STORE.OBJ
C:\PDF2BMP\SRC\PDFENGINE\DEBUG\PDF_RES_TEXT.OBJ
C:\PDF2BMP\SRC\PDFENGINE\DEBUG\PDF_SHADE.OBJ
C:\PDF2BMP\SRC\PDFENGINE\DEBUG\PDF_STM_BUFFER.OBJ
C:\PDF2BMP\SRC\PDFENGINE\DEBUG\PDF_STM_OPEN.OBJ
C:\PDF2BMP\SRC\PDFENGINE\DEBUG\PDF_STM_READ.OBJ
C:\PDF2BMP\SRC\PDFENGINE\DEBUG\PDF_STORE.OBJ
C:\PDF2BMP\SRC\PDFENGINE\DEBUG\PDF_STREAM.OBJ
C:\PDF2BMP\SRC\PDFENGINE\DEBUG\PDF_TYPE3.OBJ
C:\PDF2BMP\SRC\PDFENGINE\DEBUG\PDF_UNICODE.OBJ
C:\PDF2BMP\SRC\PDFENGINE\DEBUG\PDF_XOBJECT.OBJ
C:\PDF2BMP\SRC\PDFENGINE\DEBUG\PDF_XREF.OBJ
C:\PDF2Bmp\Src\pdfengine\Debug\pdfengine.write.1.tlog
C:\PDF2BMP\SRC\PDFENGINE\DEBUG\PHIX_MANAGER.OBJ
C:\PDF2BMP\SRC\PDFENGINE\DEBUG\PI.OBJ
C:\PDF2BMP\SRC\PDFENGINE\DEBUG\PPIX_MANAGER.OBJ
C:\PDF2BMP\SRC\PDFENGINE\DEBUG\PSAUX.OBJ
C:\PDF2BMP\SRC\PDFENGINE\DEBUG\PSHINTER.OBJ
C:\PDF2BMP\SRC\PDFENGINE\DEBUG\PSNAMES.OBJ
C:\PDF2BMP\SRC\PDFENGINE\DEBUG\QUANTIZE.OBJ
C:\PDF2BMP\SRC\PDFENGINE\DEBUG\RASTER.OBJ
C:\PDF2BMP\SRC\PDFENGINE\DEBUG\RAW.OBJ
C:\PDF2BMP\SRC\PDFENGINE\DEBUG\SFNT.OBJ
C:\PDF2BMP\SRC\PDFENGINE\DEBUG\SMOOTH.OBJ
C:\PDF2BMP\SRC\PDFENGINE\DEBUG\T1.OBJ
C:\PDF2BMP\SRC\PDFENGINE\DEBUG\T2.OBJ
C:\PDF2BMP\SRC\PDFENGINE\DEBUG\TCD.OBJ
C:\PDF2BMP\SRC\PDFENGINE\DEBUG\TGT.OBJ
C:\PDF2BMP\SRC\PDFENGINE\DEBUG\THIX_MANAGER.OBJ
C:\PDF2BMP\SRC\PDFENGINE\DEBUG\TIF_AUX.OBJ
C:\PDF2BMP\SRC\PDFENGINE\DEBUG\TIF_CLOSE.OBJ
C:\PDF2BMP\SRC\PDFENGINE\DEBUG\TIF_CODEC.OBJ
C:\PDF2BMP\SRC\PDFENGINE\DEBUG\TIF_COLOR.OBJ
C:\PDF2BMP\SRC\PDFENGINE\DEBUG\TIF_COMPRESS.OBJ
C:\PDF2BMP\SRC\PDFENGINE\DEBUG\TIF_DIR.OBJ
C:\PDF2BMP\SRC\PDFENGINE\DEBUG\TIF_DIRINFO.OBJ
C:\PDF2BMP\SRC\PDFENGINE\DEBUG\TIF_DIRREAD.OBJ
C:\PDF2BMP\SRC\PDFENGINE\DEBUG\TIF_DIRWRITE.OBJ
C:\PDF2BMP\SRC\PDFENGINE\DEBUG\TIF_DUMPMODE.OBJ
C:\PDF2BMP\SRC\PDFENGINE\DEBUG\TIF_ERROR.OBJ
C:\PDF2BMP\SRC\PDFENGINE\DEBUG\TIF_EXTENSION.OBJ
C:\PDF2BMP\SRC\PDFENGINE\DEBUG\TIF_FAX3.OBJ
C:\PDF2BMP\SRC\PDFENGINE\DEBUG\TIF_FAX3SM.OBJ
C:\PDF2BMP\SRC\PDFENGINE\DEBUG\TIF_FLUSH.OBJ
C:\PDF2BMP\SRC\PDFENGINE\DEBUG\TIF_GETIMAGE.OBJ
C:\PDF2BMP\SRC\PDFENGINE\DEBUG\TIF_JBIG.OBJ
C:\PDF2BMP\SRC\PDFENGINE\DEBUG\TIF_JPEG.OBJ
C:\PDF2BMP\SRC\PDFENGINE\DEBUG\TIF_LUV.OBJ
C:\PDF2BMP\SRC\PDFENGINE\DEBUG\TIF_LZW.OBJ
C:\PDF2BMP\SRC\PDFENGINE\DEBUG\TIF_NEXT.OBJ
C:\PDF2BMP\SRC\PDFENGINE\DEBUG\TIF_OJPEG.OBJ
C:\PDF2BMP\SRC\PDFENGINE\DEBUG\TIF_OPEN.OBJ
C:\PDF2BMP\SRC\PDFENGINE\DEBUG\TIF_PACKBITS.OBJ
C:\PDF2BMP\SRC\PDFENGINE\DEBUG\TIF_PIXARLOG.OBJ
C:\PDF2BMP\SRC\PDFENGINE\DEBUG\TIF_PREDICT.OBJ
C:\PDF2BMP\SRC\PDFENGINE\DEBUG\TIF_PRINT.OBJ
C:\PDF2BMP\SRC\PDFENGINE\DEBUG\TIF_READ.OBJ
C:\PDF2BMP\SRC\PDFENGINE\DEBUG\TIF_STRIP.OBJ
C:\PDF2BMP\SRC\PDFENGINE\DEBUG\TIF_SWAB.OBJ
C:\PDF2BMP\SRC\PDFENGINE\DEBUG\TIF_THUNDER.OBJ
C:\PDF2BMP\SRC\PDFENGINE\DEBUG\TIF_TILE.OBJ
C:\PDF2BMP\SRC\PDFENGINE\DEBUG\TIF_VERSION.OBJ
C:\PDF2BMP\SRC\PDFENGINE\DEBUG\TIF_WARNING.OBJ
C:\PDF2BMP\SRC\PDFENGINE\DEBUG\TIF_WIN32.OBJ
C:\PDF2BMP\SRC\PDFENGINE\DEBUG\TIF_WRITE.OBJ
C:\PDF2BMP\SRC\PDFENGINE\DEBUG\TIF_ZIP.OBJ
C:\PDF2BMP\SRC\PDFENGINE\DEBUG\TPIX_MANAGER.OBJ
C:\PDF2BMP\SRC\PDFENGINE\DEBUG\TREES.OBJ
C:\PDF2BMP\SRC\PDFENGINE\DEBUG\TRUETYPE.OBJ
C:\PDF2BMP\SRC\PDFENGINE\DEBUG\TYPE1.OBJ
C:\PDF2BMP\SRC\PDFENGINE\DEBUG\TYPE1CID.OBJ
C:\PDF2BMP\SRC\PDFENGINE\DEBUG\UNCOMPR.OBJ
C:\PDF2BMP\SRC\PDFENGINE\DEBUG\VC90.PDB
C:\PDF2BMP\SRC\PDFENGINE\DEBUG\ZUTIL.OBJ
