C:\PDF2BMP\SRC\DEBUG\PDFTOBMP.PDB
C:\PDF2Bmp\Src\PDFToBmp\Debug\cl.command.1.tlog
C:\PDF2Bmp\Src\PDFToBmp\Debug\CL.read.1.tlog
C:\PDF2Bmp\Src\PDFToBmp\Debug\CL.write.1.tlog
C:\PDF2BMP\SRC\PDFTOBMP\DEBUG\CONVMANAGER.OBJ
C:\PDF2BMP\SRC\PDFTOBMP\DEBUG\DATETIME.OBJ
C:\PDF2BMP\SRC\PDFTOBMP\DEBUG\FOLDERDLG.OBJ
C:\PDF2Bmp\Src\PDFToBmp\Debug\link.command.1.tlog
C:\PDF2Bmp\Src\PDFToBmp\Debug\link.read.1.tlog
C:\PDF2Bmp\Src\PDFToBmp\Debug\link.write.1.tlog
C:\PDF2Bmp\Src\PDFToBmp\Debug\link-cvtres.read.1.tlog
C:\PDF2Bmp\Src\PDFToBmp\Debug\link-cvtres.write.1.tlog
C:\PDF2BMP\SRC\PDFTOBMP\DEBUG\LOGWRITER.OBJ
C:\PDF2Bmp\Src\PDFToBmp\Debug\mt.command.1.tlog
C:\PDF2Bmp\Src\PDFToBmp\Debug\mt.read.1.tlog
C:\PDF2Bmp\Src\PDFToBmp\Debug\mt.write.1.tlog
C:\PDF2BMP\SRC\PDFTOBMP\DEBUG\PDFEXITDLG.OBJ
C:\PDF2BMP\SRC\PDFTOBMP\DEBUG\PDFTOBMP.EXE.INTERMEDIATE.MANIFEST
C:\PDF2BMP\SRC\PDFTOBMP\DEBUG\PDFTOBMP.OBJ
C:\PDF2BMP\SRC\PDFTOBMP\DEBUG\PDFTOBMP.PCH
C:\PDF2BMP\SRC\PDFTOBMP\DEBUG\PDFTOBMP.RES
C:\PDF2Bmp\Src\PDFToBmp\Debug\PDFToBmp.vcxprojResolveAssemblyReference.cache
C:\PDF2Bmp\Src\PDFToBmp\Debug\PDFToBmp.write.1.tlog
C:\PDF2BMP\SRC\PDFTOBMP\DEBUG\PDFTOBMPDLG.OBJ
C:\PDF2Bmp\Src\PDFToBmp\Debug\rc.command.1.tlog
C:\PDF2Bmp\Src\PDFToBmp\Debug\rc.read.1.tlog
C:\PDF2Bmp\Src\PDFToBmp\Debug\rc.write.1.tlog
C:\PDF2BMP\SRC\PDFTOBMP\DEBUG\RT_SOK_API_MIN.OBJ
C:\PDF2BMP\SRC\PDFTOBMP\DEBUG\SOKMANAGER.OBJ
C:\PDF2BMP\SRC\PDFTOBMP\DEBUG\STDAFX.OBJ
C:\PDF2BMP\SRC\PDFTOBMP\DEBUG\TRAYICON.OBJ
C:\PDF2Bmp\Src\PDFToBmp\Debug\vc100.idb
C:\PDF2BMP\SRC\PDFTOBMP\DEBUG\VC100.PDB
D:\PDF\PDF2BMP.EXE
