Build started 8/15/2019 12:21:50 PM.
     1>Project "C:\PDF2Bmp\Src\PDFToBmp\PDFToBmp.vcxproj" on node 2 (build target(s)).
     1>InitializeBuildStatus:
         Creating "Debug\PDFToBmp.unsuccessfulbuild" because "AlwaysCreate" was specified.
       ClCompile:
         All outputs are up-to-date.
         All outputs are up-to-date.
         All outputs are up-to-date.
         All outputs are up-to-date.
       ResourceCompile:
         C:\Program Files\Microsoft SDKs\Windows\v7.0A\bin\rc.exe /D _DEBUG /D _UNICODE /D UNICODE /l"0x0409" /IDebug\ /nologo /fo"Debug\PDFToBmp.res" PDFToBmp.rc 
     1>C:\Program Files\MSBuild\Microsoft.Cpp\v4.0\Microsoft.CppBuild.targets(990,5): warning MSB8012: TargetPath(C:\PDF2Bmp\Src\Debug\PDFToBmp.exe) does not match the Linker's OutputFile property value (d:\pdf\Pdf2Bmp.exe). This may cause your project to build incorrectly. To correct this, please make sure that $(OutDir), $(TargetName) and $(TargetExt) property values match the value specified in %(Link.OutputFile).
     1>C:\Program Files\MSBuild\Microsoft.Cpp\v4.0\Microsoft.CppBuild.targets(992,5): warning MSB8012: TargetName(PDFToBmp) does not match the Linker's OutputFile property value (Pdf2Bmp). This may cause your project to build incorrectly. To correct this, please make sure that $(OutDir), $(TargetName) and $(TargetExt) property values match the value specified in %(Link.OutputFile).
       Link:
         C:\Program Files\Microsoft Visual Studio 10.0\VC\bin\link.exe /ERRORREPORT:PROMPT /OUT:"d:/pdf/Pdf2Bmp.exe" /INCREMENTAL:NO /NOLOGO ../lib/convengine.lib ../lib/pdfengine.lib uafxcwd.lib Libcmtd.lib /NODEFAULTLIB:uafxcwd.lib /NODEFAULTLIB:Libcmtd.lib /NODEFAULTLIB:libcmt.lib /MANIFEST /ManifestFile:"Debug\PDFToBmp.exe.intermediate.manifest" /MANIFESTUAC:"level='asInvoker' uiAccess='false'" /DEBUG /PDB:"C:\PDF2Bmp\Src\Debug\PDFToBmp.pdb" /SUBSYSTEM:WINDOWS /TLBID:1 /ENTRY:"wWinMainCRTStartup" /DYNAMICBASE /NXCOMPAT /IMPLIB:"C:\PDF2Bmp\Src\Debug\PDFToBmp.lib" /MACHINE:X86 Debug\PDFToBmp.res
         Debug\DateTime.obj
         Debug\LogWriter.obj
         Debug\rt_sok_api_min.obj
         Debug\sokmanager.obj
         Debug\convmanager.obj
         Debug\FolderDlg.obj
         Debug\PDFExitDlg.obj
         Debug\PDFToBmp.obj
         Debug\PDFToBmpDlg.obj
         Debug\stdafx.obj
         Debug\TrayIcon.obj
     1>DateTime.obj : warning LNK4075: ignoring '/EDITANDCONTINUE' due to '/INCREMENTAL:NO' specification
         PDFToBmp.vcxproj -> C:\PDF2Bmp\Src\Debug\PDFToBmp.exe
       Manifest:
         C:\Program Files\Microsoft SDKs\Windows\v7.0A\bin\mt.exe /nologo /verbose /outputresource:"d:/pdf/Pdf2Bmp.exe;#1" /manifest Debug\PDFToBmp.exe.intermediate.manifest "C:\Program Files\Microsoft Visual Studio 10.0\VC\Include\Manifest\dpiaware.manifest"
       FinalizeBuildStatus:
         Deleting file "Debug\PDFToBmp.unsuccessfulbuild".
         Touching "Debug\PDFToBmp.lastbuildstate".
     1>Done Building Project "C:\PDF2Bmp\Src\PDFToBmp\PDFToBmp.vcxproj" (build target(s)).

Build succeeded.

Time Elapsed 00:00:03.74
