C:\PDF2Bmp\Src\\lib\convengine.lib
C:\PDF2BMP\SRC\LIB\CONVENGINE.LIB
C:\PDF2BMP\SRC\LIB\PDFENGINE.LIB
C:\PDF2BMP\SRC\RELEASE\ADLER32.OBJ
C:\PDF2BMP\SRC\RELEASE\BIO.OBJ
C:\PDF2BMP\SRC\RELEASE\CFF.OBJ
C:\PDF2BMP\SRC\RELEASE\CIDX_MANAGER.OBJ
C:\PDF2BMP\SRC\RELEASE\CIO.OBJ
C:\PDF2Bmp\Src\Release\cl.command.1.tlog
C:\PDF2Bmp\Src\Release\CL.read.1.tlog
C:\PDF2Bmp\Src\Release\CL.write.1.tlog
C:\PDF2BMP\SRC\RELEASE\COMPRESS.OBJ
C:\PDF2BMP\SRC\RELEASE\CONVENGINE.OBJ
C:\PDF2Bmp\Src\Release\convengine.write.1.tlog
C:\PDF2BMP\SRC\RELEASE\CRC32.OBJ
C:\PDF2BMP\SRC\RELEASE\DEFLATE.OBJ
C:\PDF2BMP\SRC\RELEASE\DGIF_LIB.OBJ
C:\PDF2BMP\SRC\RELEASE\DWT.OBJ
C:\PDF2BMP\SRC\RELEASE\EGIF_LIB.OBJ
C:\PDF2BMP\SRC\RELEASE\EVENT.OBJ
C:\PDF2BMP\SRC\RELEASE\FTBASE.OBJ
C:\PDF2BMP\SRC\RELEASE\FTBBOX.OBJ
C:\PDF2BMP\SRC\RELEASE\FTBITMAP.OBJ
C:\PDF2BMP\SRC\RELEASE\FTGASP.OBJ
C:\PDF2BMP\SRC\RELEASE\FTGLYPH.OBJ
C:\PDF2BMP\SRC\RELEASE\FTINIT.OBJ
C:\PDF2BMP\SRC\RELEASE\FTSTROKE.OBJ
C:\PDF2BMP\SRC\RELEASE\FTSYNTH.OBJ
C:\PDF2BMP\SRC\RELEASE\FTSYSTEM.OBJ
C:\PDF2BMP\SRC\RELEASE\FTTYPE1.OBJ
C:\PDF2BMP\SRC\RELEASE\FTXF86.OBJ
C:\PDF2BMP\SRC\RELEASE\GIF_ERR.OBJ
C:\PDF2BMP\SRC\RELEASE\GIF_HASH.OBJ
C:\PDF2BMP\SRC\RELEASE\GIFALLOC.OBJ
C:\PDF2BMP\SRC\RELEASE\IMAGE.OBJ
C:\PDF2BMP\SRC\RELEASE\INFFAST.OBJ
C:\PDF2BMP\SRC\RELEASE\INFLATE.OBJ
C:\PDF2BMP\SRC\RELEASE\INFTREES.OBJ
C:\PDF2BMP\SRC\RELEASE\J2K.OBJ
C:\PDF2BMP\SRC\RELEASE\J2K_LIB.OBJ
C:\PDF2BMP\SRC\RELEASE\JARICOM.OBJ
C:\PDF2BMP\SRC\RELEASE\JBIG2.OBJ
C:\PDF2BMP\SRC\RELEASE\JBIG2_ARITH.OBJ
C:\PDF2BMP\SRC\RELEASE\JBIG2_ARITH_IAID.OBJ
C:\PDF2BMP\SRC\RELEASE\JBIG2_ARITH_INT.OBJ
C:\PDF2BMP\SRC\RELEASE\JBIG2_GENERIC.OBJ
C:\PDF2BMP\SRC\RELEASE\JBIG2_HALFTONE.OBJ
C:\PDF2BMP\SRC\RELEASE\JBIG2_HUFFMAN.OBJ
C:\PDF2BMP\SRC\RELEASE\JBIG2_IMAGE.OBJ
C:\PDF2BMP\SRC\RELEASE\JBIG2_METADATA.OBJ
C:\PDF2BMP\SRC\RELEASE\JBIG2_MMR.OBJ
C:\PDF2BMP\SRC\RELEASE\JBIG2_PAGE.OBJ
C:\PDF2BMP\SRC\RELEASE\JBIG2_REFINEMENT.OBJ
C:\PDF2BMP\SRC\RELEASE\JBIG2_SEGMENT.OBJ
C:\PDF2BMP\SRC\RELEASE\JBIG2_SYMBOL_DICT.OBJ
C:\PDF2BMP\SRC\RELEASE\JBIG2_TEXT.OBJ
C:\PDF2BMP\SRC\RELEASE\JCAPIMIN.OBJ
C:\PDF2BMP\SRC\RELEASE\JCAPISTD.OBJ
C:\PDF2BMP\SRC\RELEASE\JCARITH.OBJ
C:\PDF2BMP\SRC\RELEASE\JCCOEFCT.OBJ
C:\PDF2BMP\SRC\RELEASE\JCCOLOR.OBJ
C:\PDF2BMP\SRC\RELEASE\JCDCTMGR.OBJ
C:\PDF2BMP\SRC\RELEASE\JCHUFF.OBJ
C:\PDF2BMP\SRC\RELEASE\JCINIT.OBJ
C:\PDF2BMP\SRC\RELEASE\JCMAINCT.OBJ
C:\PDF2BMP\SRC\RELEASE\JCMARKER.OBJ
C:\PDF2BMP\SRC\RELEASE\JCMASTER.OBJ
C:\PDF2BMP\SRC\RELEASE\JCOMAPI.OBJ
C:\PDF2BMP\SRC\RELEASE\JCPARAM.OBJ
C:\PDF2BMP\SRC\RELEASE\JCPREPCT.OBJ
C:\PDF2BMP\SRC\RELEASE\JCSAMPLE.OBJ
C:\PDF2BMP\SRC\RELEASE\JCTRANS.OBJ
C:\PDF2BMP\SRC\RELEASE\JDAPIMIN.OBJ
C:\PDF2BMP\SRC\RELEASE\JDAPISTD.OBJ
C:\PDF2BMP\SRC\RELEASE\JDARITH.OBJ
C:\PDF2BMP\SRC\RELEASE\JDATADST.OBJ
C:\PDF2BMP\SRC\RELEASE\JDATASRC.OBJ
C:\PDF2BMP\SRC\RELEASE\JDCOEFCT.OBJ
C:\PDF2BMP\SRC\RELEASE\JDCOLOR.OBJ
C:\PDF2BMP\SRC\RELEASE\JDDCTMGR.OBJ
C:\PDF2BMP\SRC\RELEASE\JDHUFF.OBJ
C:\PDF2BMP\SRC\RELEASE\JDINPUT.OBJ
C:\PDF2BMP\SRC\RELEASE\JDMAINCT.OBJ
C:\PDF2BMP\SRC\RELEASE\JDMARKER.OBJ
C:\PDF2BMP\SRC\RELEASE\JDMASTER.OBJ
C:\PDF2BMP\SRC\RELEASE\JDMERGE.OBJ
C:\PDF2BMP\SRC\RELEASE\JDPOSTCT.OBJ
C:\PDF2BMP\SRC\RELEASE\JDSAMPLE.OBJ
C:\PDF2BMP\SRC\RELEASE\JDTRANS.OBJ
C:\PDF2BMP\SRC\RELEASE\JERROR.OBJ
C:\PDF2BMP\SRC\RELEASE\JFDCTFLT.OBJ
C:\PDF2BMP\SRC\RELEASE\JFDCTFST.OBJ
C:\PDF2BMP\SRC\RELEASE\JFDCTINT.OBJ
C:\PDF2BMP\SRC\RELEASE\JIDCTFLT.OBJ
C:\PDF2BMP\SRC\RELEASE\JIDCTFST.OBJ
C:\PDF2BMP\SRC\RELEASE\JIDCTINT.OBJ
C:\PDF2BMP\SRC\RELEASE\JMEMMGR.OBJ
C:\PDF2BMP\SRC\RELEASE\JMEMNOBS.OBJ
C:\PDF2BMP\SRC\RELEASE\JP2.OBJ
C:\PDF2BMP\SRC\RELEASE\JPT.OBJ
C:\PDF2BMP\SRC\RELEASE\JQUANT1.OBJ
C:\PDF2BMP\SRC\RELEASE\JQUANT2.OBJ
C:\PDF2BMP\SRC\RELEASE\JUTILS.OBJ
C:\PDF2Bmp\Src\Release\lib.command.1.tlog
C:\PDF2Bmp\Src\Release\Lib-link.read.1.tlog
C:\PDF2Bmp\Src\Release\Lib-link.write.1.tlog
C:\PDF2BMP\SRC\RELEASE\MCT.OBJ
C:\PDF2BMP\SRC\RELEASE\MQC.OBJ
C:\PDF2BMP\SRC\RELEASE\OPENJPEG.OBJ
C:\PDF2BMP\SRC\RELEASE\PDF_ANNOT.OBJ
C:\PDF2BMP\SRC\RELEASE\PDF_BASE_CONTEXT.OBJ
C:\PDF2BMP\SRC\RELEASE\PDF_BASE_ERROR.OBJ
C:\PDF2BMP\SRC\RELEASE\PDF_BASE_GEOMETRY.OBJ
C:\PDF2BMP\SRC\RELEASE\PDF_BASE_GETOPT.OBJ
C:\PDF2BMP\SRC\RELEASE\PDF_BASE_HASH.OBJ
C:\PDF2BMP\SRC\RELEASE\PDF_BASE_MEMORY.OBJ
C:\PDF2BMP\SRC\RELEASE\PDF_BASE_OBJECT.OBJ
C:\PDF2BMP\SRC\RELEASE\PDF_BASE_STRING.OBJ
C:\PDF2BMP\SRC\RELEASE\PDF_BASE_TIME.OBJ
C:\PDF2BMP\SRC\RELEASE\PDF_CMAP.OBJ
C:\PDF2BMP\SRC\RELEASE\PDF_CMAP_LOAD.OBJ
C:\PDF2BMP\SRC\RELEASE\PDF_CMAP_PARSE.OBJ
C:\PDF2BMP\SRC\RELEASE\PDF_CMAP_TABLE.OBJ
C:\PDF2BMP\SRC\RELEASE\PDF_COLORSPACE.OBJ
C:\PDF2BMP\SRC\RELEASE\PDF_CRYPT.OBJ
C:\PDF2BMP\SRC\RELEASE\PDF_CRYPT_AES.OBJ
C:\PDF2BMP\SRC\RELEASE\PDF_CRYPT_ARC4.OBJ
C:\PDF2BMP\SRC\RELEASE\PDF_CRYPT_MD5.OBJ
C:\PDF2BMP\SRC\RELEASE\PDF_CRYPT_SHA2.OBJ
C:\PDF2BMP\SRC\RELEASE\PDF_DEV_BBOX.OBJ
C:\PDF2BMP\SRC\RELEASE\PDF_DEV_HTML.OBJ
C:\PDF2BMP\SRC\RELEASE\PDF_DEV_LIST.OBJ
C:\PDF2BMP\SRC\RELEASE\PDF_DEV_NULL.OBJ
C:\PDF2BMP\SRC\RELEASE\PDF_DEV_RECTLIST.OBJ
C:\PDF2BMP\SRC\RELEASE\PDF_DEV_TEXT.OBJ
C:\PDF2BMP\SRC\RELEASE\PDF_DOC_DOCUMENT.OBJ
C:\PDF2BMP\SRC\RELEASE\PDF_DOC_LINK.OBJ
C:\PDF2BMP\SRC\RELEASE\PDF_DOC_OUTLINE.OBJ
C:\PDF2BMP\SRC\RELEASE\PDF_DRAW_AFFINE.OBJ
C:\PDF2BMP\SRC\RELEASE\PDF_DRAW_BLEND.OBJ
C:\PDF2BMP\SRC\RELEASE\PDF_DRAW_DEVICE.OBJ
C:\PDF2BMP\SRC\RELEASE\PDF_DRAW_EDGE.OBJ
C:\PDF2BMP\SRC\RELEASE\PDF_DRAW_GLYPH.OBJ
C:\PDF2BMP\SRC\RELEASE\PDF_DRAW_MESH.OBJ
C:\PDF2BMP\SRC\RELEASE\PDF_DRAW_PAINT.OBJ
C:\PDF2BMP\SRC\RELEASE\PDF_DRAW_PATH.OBJ
C:\PDF2BMP\SRC\RELEASE\PDF_DRAW_SIMPLE_SCALE.OBJ
C:\PDF2BMP\SRC\RELEASE\PDF_DRAW_UNPACK.OBJ
C:\PDF2BMP\SRC\RELEASE\PDF_ENCODING.OBJ
C:\PDF2BMP\SRC\RELEASE\PDF_FILT_BASIC.OBJ
C:\PDF2BMP\SRC\RELEASE\PDF_FILT_DCTD.OBJ
C:\PDF2BMP\SRC\RELEASE\PDF_FILT_FAXD.OBJ
C:\PDF2BMP\SRC\RELEASE\PDF_FILT_FLATE.OBJ
C:\PDF2BMP\SRC\RELEASE\PDF_FILT_JBIG2D.OBJ
C:\PDF2BMP\SRC\RELEASE\PDF_FILT_LZWD.OBJ
C:\PDF2BMP\SRC\RELEASE\PDF_FILT_PREDICT.OBJ
C:\PDF2BMP\SRC\RELEASE\PDF_FONT.OBJ
C:\PDF2BMP\SRC\RELEASE\PDF_FONTFILE.OBJ
C:\PDF2BMP\SRC\RELEASE\PDF_FUNCTION.OBJ
C:\PDF2BMP\SRC\RELEASE\PDF_IMAGE.OBJ
C:\PDF2BMP\SRC\RELEASE\PDF_IMAGE_BMP.OBJ
C:\PDF2BMP\SRC\RELEASE\PDF_IMAGE_GIF.OBJ
C:\PDF2BMP\SRC\RELEASE\PDF_IMAGE_JPEG.OBJ
C:\PDF2BMP\SRC\RELEASE\PDF_IMAGE_JPX.OBJ
C:\PDF2BMP\SRC\RELEASE\PDF_IMAGE_MD5.OBJ
C:\PDF2BMP\SRC\RELEASE\PDF_IMAGE_PNG.OBJ
C:\PDF2BMP\SRC\RELEASE\PDF_IMAGE_SAVE.OBJ
C:\PDF2BMP\SRC\RELEASE\PDF_IMAGE_TIFF.OBJ
C:\PDF2BMP\SRC\RELEASE\PDF_INTERPRET.OBJ
C:\PDF2BMP\SRC\RELEASE\PDF_LEX.OBJ
C:\PDF2BMP\SRC\RELEASE\PDF_METRICS.OBJ
C:\PDF2BMP\SRC\RELEASE\PDF_NAMETREE.OBJ
C:\PDF2BMP\SRC\RELEASE\PDF_OUTLINE.OBJ
C:\PDF2BMP\SRC\RELEASE\PDF_PAGE.OBJ
C:\PDF2BMP\SRC\RELEASE\PDF_PARSE.OBJ
C:\PDF2BMP\SRC\RELEASE\PDF_PATTERN.OBJ
C:\PDF2BMP\SRC\RELEASE\PDF_REPAIR.OBJ
C:\PDF2BMP\SRC\RELEASE\PDF_RES_BITMAP.OBJ
C:\PDF2BMP\SRC\RELEASE\PDF_RES_COLORSPACE.OBJ
C:\PDF2BMP\SRC\RELEASE\PDF_RES_FONT.OBJ
C:\PDF2BMP\SRC\RELEASE\PDF_RES_HALFTONE.OBJ
C:\PDF2BMP\SRC\RELEASE\PDF_RES_PATH.OBJ
C:\PDF2BMP\SRC\RELEASE\PDF_RES_PIXMAP.OBJ
C:\PDF2BMP\SRC\RELEASE\PDF_RES_SHADE.OBJ
C:\PDF2BMP\SRC\RELEASE\PDF_RES_STORE.OBJ
C:\PDF2BMP\SRC\RELEASE\PDF_RES_TEXT.OBJ
C:\PDF2BMP\SRC\RELEASE\PDF_SHADE.OBJ
C:\PDF2BMP\SRC\RELEASE\PDF_STM_BUFFER.OBJ
C:\PDF2BMP\SRC\RELEASE\PDF_STM_OPEN.OBJ
C:\PDF2BMP\SRC\RELEASE\PDF_STM_READ.OBJ
C:\PDF2BMP\SRC\RELEASE\PDF_STORE.OBJ
C:\PDF2BMP\SRC\RELEASE\PDF_STREAM.OBJ
C:\PDF2BMP\SRC\RELEASE\PDF_TYPE3.OBJ
C:\PDF2BMP\SRC\RELEASE\PDF_UNICODE.OBJ
C:\PDF2BMP\SRC\RELEASE\PDF_XOBJECT.OBJ
C:\PDF2BMP\SRC\RELEASE\PDF_XREF.OBJ
C:\PDF2Bmp\Src\Release\pdfengine.write.1.tlog
C:\PDF2BMP\SRC\RELEASE\PHIX_MANAGER.OBJ
C:\PDF2BMP\SRC\RELEASE\PI.OBJ
C:\PDF2BMP\SRC\RELEASE\PPIX_MANAGER.OBJ
C:\PDF2BMP\SRC\RELEASE\PSAUX.OBJ
C:\PDF2BMP\SRC\RELEASE\PSHINTER.OBJ
C:\PDF2BMP\SRC\RELEASE\PSNAMES.OBJ
C:\PDF2BMP\SRC\RELEASE\QUANTIZE.OBJ
C:\PDF2BMP\SRC\RELEASE\RASTER.OBJ
C:\PDF2BMP\SRC\RELEASE\RAW.OBJ
C:\PDF2BMP\SRC\RELEASE\SFNT.OBJ
C:\PDF2BMP\SRC\RELEASE\SMOOTH.OBJ
C:\PDF2BMP\SRC\RELEASE\T1.OBJ
C:\PDF2BMP\SRC\RELEASE\T2.OBJ
C:\PDF2BMP\SRC\RELEASE\TCD.OBJ
C:\PDF2BMP\SRC\RELEASE\TGT.OBJ
C:\PDF2BMP\SRC\RELEASE\THIX_MANAGER.OBJ
C:\PDF2BMP\SRC\RELEASE\TIF_AUX.OBJ
C:\PDF2BMP\SRC\RELEASE\TIF_CLOSE.OBJ
C:\PDF2BMP\SRC\RELEASE\TIF_CODEC.OBJ
C:\PDF2BMP\SRC\RELEASE\TIF_COLOR.OBJ
C:\PDF2BMP\SRC\RELEASE\TIF_COMPRESS.OBJ
C:\PDF2BMP\SRC\RELEASE\TIF_DIR.OBJ
C:\PDF2BMP\SRC\RELEASE\TIF_DIRINFO.OBJ
C:\PDF2BMP\SRC\RELEASE\TIF_DIRREAD.OBJ
C:\PDF2BMP\SRC\RELEASE\TIF_DIRWRITE.OBJ
C:\PDF2BMP\SRC\RELEASE\TIF_DUMPMODE.OBJ
C:\PDF2BMP\SRC\RELEASE\TIF_ERROR.OBJ
C:\PDF2BMP\SRC\RELEASE\TIF_EXTENSION.OBJ
C:\PDF2BMP\SRC\RELEASE\TIF_FAX3.OBJ
C:\PDF2BMP\SRC\RELEASE\TIF_FAX3SM.OBJ
C:\PDF2BMP\SRC\RELEASE\TIF_FLUSH.OBJ
C:\PDF2BMP\SRC\RELEASE\TIF_GETIMAGE.OBJ
C:\PDF2BMP\SRC\RELEASE\TIF_JBIG.OBJ
C:\PDF2BMP\SRC\RELEASE\TIF_JPEG.OBJ
C:\PDF2BMP\SRC\RELEASE\TIF_LUV.OBJ
C:\PDF2BMP\SRC\RELEASE\TIF_LZW.OBJ
C:\PDF2BMP\SRC\RELEASE\TIF_NEXT.OBJ
C:\PDF2BMP\SRC\RELEASE\TIF_OJPEG.OBJ
C:\PDF2BMP\SRC\RELEASE\TIF_OPEN.OBJ
C:\PDF2BMP\SRC\RELEASE\TIF_PACKBITS.OBJ
C:\PDF2BMP\SRC\RELEASE\TIF_PIXARLOG.OBJ
C:\PDF2BMP\SRC\RELEASE\TIF_PREDICT.OBJ
C:\PDF2BMP\SRC\RELEASE\TIF_PRINT.OBJ
C:\PDF2BMP\SRC\RELEASE\TIF_READ.OBJ
C:\PDF2BMP\SRC\RELEASE\TIF_STRIP.OBJ
C:\PDF2BMP\SRC\RELEASE\TIF_SWAB.OBJ
C:\PDF2BMP\SRC\RELEASE\TIF_THUNDER.OBJ
C:\PDF2BMP\SRC\RELEASE\TIF_TILE.OBJ
C:\PDF2BMP\SRC\RELEASE\TIF_VERSION.OBJ
C:\PDF2BMP\SRC\RELEASE\TIF_WARNING.OBJ
C:\PDF2BMP\SRC\RELEASE\TIF_WIN32.OBJ
C:\PDF2BMP\SRC\RELEASE\TIF_WRITE.OBJ
C:\PDF2BMP\SRC\RELEASE\TIF_ZIP.OBJ
C:\PDF2BMP\SRC\RELEASE\TPIX_MANAGER.OBJ
C:\PDF2BMP\SRC\RELEASE\TREES.OBJ
C:\PDF2BMP\SRC\RELEASE\TRUETYPE.OBJ
C:\PDF2BMP\SRC\RELEASE\TYPE1.OBJ
C:\PDF2BMP\SRC\RELEASE\TYPE1CID.OBJ
C:\PDF2BMP\SRC\RELEASE\UNCOMPR.OBJ
C:\PDF2BMP\SRC\RELEASE\VC100.PDB
C:\PDF2BMP\SRC\RELEASE\ZUTIL.OBJ
