Build started 5/28/2019 3:54:33 PM.
     1>Project "C:\PDF2Bmp\Src\pdfengine\pdfengine.vcxproj" on node 2 (build target(s)).
     1>InitializeBuildStatus:
         Creating "C:\PDF2Bmp\Src\\Release\pdfengine.unsuccessfulbuild" because "AlwaysCreate" was specified.
       PreBuildEvent:
         Description: Generate CMap and Font source files
         generate.bat
         :VCEnd
         fontdump.c
         cmapdump.c
     1>scripts/cmapdump.c(86): warning C4133: 'function' : incompatible types - from 'char *' to 'const wchar_t *'
       ClCompile:
         All outputs are up-to-date.
       Lib:
         All outputs are up-to-date.
         pdfengine.vcxproj -> C:\PDF2Bmp\Src\\lib\pdfengine.lib
       FinalizeBuildStatus:
         Deleting file "C:\PDF2Bmp\Src\\Release\pdfengine.unsuccessfulbuild".
         Touching "C:\PDF2Bmp\Src\\Release\pdfengine.lastbuildstate".
     1>Done Building Project "C:\PDF2Bmp\Src\pdfengine\pdfengine.vcxproj" (build target(s)).

Build succeeded.

Time Elapsed 00:00:00.50
